Writing to '/tmp/test.log' for 300s at 2 lines/sec
Severity weights: {'INFO': 40, 'WARNING': 30, 'ERROR': 20, 'CRITICAL': 10}
────────────────────────────────────────────────────────────
2026-04-12 19:34:01,530 ERROR    Redis SETNX failed: timeout after 5000ms
2026-04-12 19:34:02,031 ERROR    Traceback (most recent call last): File 'db.py' line 42 in connect
2026-04-12 19:34:02,531 WARNING  CPU usage spike to 91% on worker-3
2026-04-12 19:34:03,032 INFO     Starting application on port 8000
2026-04-12 19:34:03,532 WARNING  Rollout paused: error rate above 2% threshold
2026-04-12 19:34:04,033 CRITICAL segfault at address 0x00000000, core dumped
2026-04-12 19:34:04,533 ERROR    Batch job 'send_digest_emails' failed: SMTP connection refused
2026-04-12 19:34:05,034 ERROR    psycopg2.OperationalError: could not connect to server
Traceback (most recent call last):
  File "/home/sharan/code-stuff/log-explainer/loadgen.py", line 204, in <module>
    main()
    ~~~~^^
  File "/home/sharan/code-stuff/log-explainer/loadgen.py", line 197, in main
    time.sleep(interval)
    ~~~~~~~~~~^^^^^^^^^^
KeyboardInterrupt
Writing to '/tmp/test.log' for 300s at 2 lines/sec
Severity weights: {'INFO': 40, 'WARNING': 30, 'ERROR': 20, 'CRITICAL': 10}
────────────────────────────────────────────────────────────
2026-04-12 19:34:12,687 INFO     Feature flag 'new_checkout_flow' enabled for 10% of traffic
2026-04-12 19:34:13,188 CRITICAL OOMKilled: process exceeded memory limit of 512MB
2026-04-12 19:34:13,688 ERROR    S3 upload failed after 3 retries: AccessDenied
2026-04-12 19:34:14,189 INFO     Startup complete, ready to serve traffic
2026-04-12 19:34:14,690 CRITICAL FATAL: etcd cluster quorum lost, all writes rejected
2026-04-12 19:34:15,190 ERROR    Batch job 'send_digest_emails' failed: SMTP connection refused
2026-04-12 19:34:15,691 ERROR    Database transaction rolled back: deadlock detected
2026-04-12 19:34:16,192 INFO     Startup complete, ready to serve traffic
2026-04-12 19:34:16,692 INFO     Log rotation completed, archived to /var/log/app/2026-04-11.gz
2026-04-12 19:34:17,193 INFO     Config reloaded from /etc/app/config.yaml
2026-04-12 19:34:17,694 ERROR    Traceback (most recent call last): File 'db.py' line 42 in connect
2026-04-12 19:34:18,194 WARNING  JWT token expiring soon for user_id=204, issuing refresh
2026-04-12 19:34:18,695 INFO     New user registered: user_id=10482
2026-04-12 19:34:19,195 ERROR    gRPC call to inventory-service failed: UNAVAILABLE
2026-04-12 19:34:19,696 WARNING  CPU usage spike to 91% on worker-3
2026-04-12 19:34:20,197 WARNING  DNS resolution for cache.internal took 900ms
2026-04-12 19:34:20,697 INFO     Websocket connection established, client_id=ws-8821
2026-04-12 19:34:21,198 ERROR    Failed to publish event to Kafka: topic=order-events
2026-04-12 19:34:21,698 CRITICAL OOMKilled: process exceeded memory limit of 512MB
2026-04-12 19:34:22,199 WARNING  Disk usage at 82% on /var/data, consider cleanup
2026-04-12 19:34:22,699 INFO     Database connection pool size: 10/20
2026-04-12 19:34:23,200 CRITICAL OutOfMemory: JVM heap space exhausted, killing process
2026-04-12 19:34:23,701 INFO     Startup complete, ready to serve traffic
2026-04-12 19:34:24,201 INFO     Startup complete, ready to serve traffic
2026-04-12 19:34:24,702 INFO     Request tracing enabled, trace_id=7f3a9c21b4e0
2026-04-12 19:34:25,203 WARNING  S3 upload retrying due to transient error (attempt 2/3)
2026-04-12 19:34:25,704 WARNING  Disk usage at 82% on /var/data, consider cleanup
2026-04-12 19:34:26,204 ERROR    Connection refused to postgres:5432
2026-04-12 19:34:26,705 INFO     Feature flag 'new_checkout_flow' enabled for 10% of traffic
2026-04-12 19:34:27,206 INFO     Log rotation completed, archived to /var/log/app/2026-04-11.gz
2026-04-12 19:34:27,706 INFO     CDN cache purged for path /static/app.js
2026-04-12 19:34:28,207 INFO     gRPC server started on port 50051
2026-04-12 19:34:28,708 WARNING  Config value 'MAX_UPLOAD_SIZE' not set, using default 10MB
2026-04-12 19:34:29,208 WARNING  Auto-vacuum running on table 'orders', may cause slowdown
2026-04-12 19:34:29,709 INFO     Scheduled job 'cleanup_expired_tokens' started
2026-04-12 19:34:30,209 ERROR    Circuit breaker for payment-service OPENED after 5 consecutive failures
2026-04-12 19:34:30,709 INFO     Compaction triggered on table 'events' (2.1GB freed)
2026-04-12 19:34:31,210 INFO     Redis cache initialized successfully
2026-04-12 19:34:31,710 INFO     GET /api/users 200 OK (45ms)
2026-04-12 19:34:32,211 ERROR    HTTP 500 Internal Server Error on POST /api/checkout
2026-04-12 19:34:32,712 ERROR    Traceback (most recent call last): File 'db.py' line 42 in connect
2026-04-12 19:34:33,212 CRITICAL FATAL: max connection retries exhausted, shutting down
2026-04-12 19:34:33,713 INFO     Dependency check passed: postgres=14.5, redis=7.0.5
2026-04-12 19:34:34,214 ERROR    Unhandled exception in worker thread: ZeroDivisionError
2026-04-12 19:34:34,714 INFO     OAuth token refreshed for service account svc-worker
2026-04-12 19:34:35,215 WARNING  Kafka consumer lag growing: topic=order-events lag=1500
2026-04-12 19:34:35,715 CRITICAL FATAL: etcd cluster quorum lost, all writes rejected
2026-04-12 19:34:36,216 INFO     TLS certificate valid, expires in 87 days
2026-04-12 19:34:36,716 INFO     Listening on 0.0.0.0:8000
2026-04-12 19:34:37,217 WARNING  Rate limit approaching for IP 198.51.100.7: 95/100 requests
2026-04-12 19:34:37,717 WARNING  Websocket client ws-4421 disconnected unexpectedly
2026-04-12 19:34:38,218 INFO     S3 upload completed: reports/2026-04-12.csv (2.3MB)
2026-04-12 19:34:38,718 WARNING  Feature flag service unreachable, falling back to defaults
2026-04-12 19:34:39,219 INFO     Batch job processed 1200 records in 4.2s
2026-04-12 19:34:39,720 WARNING  Memory usage at 78%, approaching threshold
2026-04-12 19:34:40,220 INFO     Config reloaded from /etc/app/config.yaml
2026-04-12 19:34:40,721 INFO     Startup complete, ready to serve traffic
2026-04-12 19:34:41,221 INFO     Listening on 0.0.0.0:8000
2026-04-12 19:34:41,722 WARNING  Kafka consumer lag growing: topic=order-events lag=1500
2026-04-12 19:34:42,222 ERROR    Failed to publish event to Kafka: topic=order-events
2026-04-12 19:34:42,723 CRITICAL OutOfMemory: JVM heap space exhausted, killing process
2026-04-12 19:34:43,223 WARNING  Retry attempt 2 for HTTP POST to payment-service
2026-04-12 19:34:43,724 WARNING  Retry attempt 2 for HTTP POST to payment-service
2026-04-12 19:34:44,225 INFO     Batch job processed 1200 records in 4.2s
2026-04-12 19:34:44,725 ERROR    Failed to acquire connection from pool after 10s
2026-04-12 19:34:45,226 WARNING  Config value 'MAX_UPLOAD_SIZE' not set, using default 10MB
2026-04-12 19:34:45,726 WARNING  S3 upload retrying due to transient error (attempt 2/3)
2026-04-12 19:34:46,227 CRITICAL Data loss detected: replication stream broken for 120s
2026-04-12 19:34:46,727 WARNING  TLS certificate expires in 14 days, renewal required
2026-04-12 19:34:47,228 WARNING  Auto-vacuum running on table 'orders', may cause slowdown
2026-04-12 19:34:47,728 WARNING  Circuit breaker for inventory-service is HALF-OPEN
2026-04-12 19:34:48,229 CRITICAL Kernel OOM killer terminated PID 8821 (app-worker)
2026-04-12 19:34:48,729 INFO     New user registered: user_id=10482
2026-04-12 19:34:49,230 INFO     Background task 'send_digest_emails' queued
2026-04-12 19:34:49,731 INFO     Scheduled job 'cleanup_expired_tokens' started
2026-04-12 19:34:50,231 ERROR    HTTP 500 Internal Server Error on POST /api/checkout
2026-04-12 19:34:50,732 WARNING  Slow query detected: SELECT * FROM events took 4100ms
2026-04-12 19:34:51,232 ERROR    Failed to acquire connection from pool after 10s
2026-04-12 19:34:51,733 CRITICAL Data loss detected: replication stream broken for 120s
2026-04-12 19:34:52,233 INFO     Dependency check passed: postgres=14.5, redis=7.0.5
2026-04-12 19:34:52,734 INFO     New user registered: user_id=10482
2026-04-12 19:34:53,235 INFO     Background task 'send_digest_emails' queued
2026-04-12 19:34:53,736 INFO     CDN cache purged for path /static/app.js
2026-04-12 19:34:54,236 ERROR    Failed to publish event to Kafka: topic=order-events
2026-04-12 19:34:54,736 ERROR    Database transaction rolled back: deadlock detected
2026-04-12 19:34:55,237 INFO     S3 upload completed: reports/2026-04-12.csv (2.3MB)
2026-04-12 19:34:55,738 CRITICAL PANIC: nil pointer dereference in handler.go:84
2026-04-12 19:34:56,238 INFO     TLS certificate valid, expires in 87 days
2026-04-12 19:34:56,739 INFO     Listening on 0.0.0.0:8000
2026-04-12 19:34:57,239 INFO     Health check passed: all systems nominal
2026-04-12 19:34:57,739 WARNING  Deprecated API endpoint /v1/users called by client 10.0.0.5
2026-04-12 19:34:58,240 INFO     Metrics exported to Prometheus endpoint /metrics
2026-04-12 19:34:58,740 WARNING  Timeout waiting for lock on resource 'user:8821'
2026-04-12 19:34:59,241 WARNING  Rate limit approaching for IP 198.51.100.7: 95/100 requests
2026-04-12 19:34:59,741 INFO     DELETE /api/sessions/8821 200 OK (18ms)
2026-04-12 19:35:00,242 INFO     POST /api/orders 201 Created (112ms)
2026-04-12 19:35:00,742 INFO     Audit log written: admin user_id=1 deleted user_id=304
2026-04-12 19:35:01,243 WARNING  Timeout waiting for lock on resource 'user:8821'
2026-04-12 19:35:01,744 WARNING  Rollout paused: error rate above 2% threshold
2026-04-12 19:35:02,244 WARNING  Response time degraded: GET /api/reports took 2300ms
2026-04-12 19:35:02,744 WARNING  Background worker queue depth: 850 jobs pending
2026-04-12 19:35:03,245 CRITICAL OOMKilled: process exceeded memory limit of 512MB
2026-04-12 19:35:03,746 INFO     Kafka consumer group 'order-events' rebalanced, partitions=3
2026-04-12 19:35:04,246 INFO     Dependency check passed: postgres=14.5, redis=7.0.5
2026-04-12 19:35:04,746 WARNING  Connection pool saturation: 19/20 connections in use
2026-04-12 19:35:05,247 ERROR    Disk write error on /var/data: No space left on device
2026-04-12 19:35:05,747 INFO     New user registered: user_id=10482
2026-04-12 19:35:06,247 ERROR    Unhandled exception in worker thread: ZeroDivisionError
2026-04-12 19:35:06,748 ERROR    S3 upload failed after 3 retries: AccessDenied
2026-04-12 19:35:07,248 INFO     Redis cache initialized successfully
2026-04-12 19:35:07,749 CRITICAL PANIC: nil pointer dereference in handler.go:84
2026-04-12 19:35:08,249 INFO     CDN cache purged for path /static/app.js
2026-04-12 19:35:08,750 INFO     Scheduled job 'cleanup_expired_tokens' completed in 340ms
2026-04-12 19:35:09,250 ERROR    Failed to publish event to Kafka: topic=order-events
2026-04-12 19:35:09,751 WARNING  Retrying database connection attempt 2 of 5
2026-04-12 19:35:10,251 ERROR    Redis SETNX failed: timeout after 5000ms
2026-04-12 19:35:10,752 WARNING  Auto-vacuum running on table 'orders', may cause slowdown
2026-04-12 19:35:11,252 WARNING  Timeout waiting for lock on resource 'user:8821'
2026-04-12 19:35:11,753 WARNING  Retry attempt 1 for HTTP POST to payment-service
2026-04-12 19:35:12,253 WARNING  Graceful shutdown timeout exceeded, forcing exit
2026-04-12 19:35:12,754 INFO     Redis cache initialized successfully
2026-04-12 19:35:13,254 INFO     Feature flag 'new_checkout_flow' enabled for 10% of traffic
2026-04-12 19:35:13,755 WARNING  Websocket client ws-4421 disconnected unexpectedly
2026-04-12 19:35:14,255 CRITICAL FATAL: etcd cluster quorum lost, all writes rejected
2026-04-12 19:35:14,756 INFO     Feature flag 'new_checkout_flow' enabled for 10% of traffic
2026-04-12 19:35:15,256 ERROR    Config file /etc/app/config.yaml not found, cannot reload
2026-04-12 19:35:15,756 WARNING  Rate limit approaching for IP 198.51.100.7: 95/100 requests
2026-04-12 19:35:16,257 INFO     Session created for user_id=10482, ttl=3600s
2026-04-12 19:35:16,757 CRITICAL OOMKilled: process exceeded memory limit of 512MB
2026-04-12 19:35:17,257 WARNING  Graceful shutdown timeout exceeded, forcing exit
2026-04-12 19:35:17,758 WARNING  Auto-vacuum running on table 'orders', may cause slowdown
2026-04-12 19:35:18,258 INFO     Scheduled job 'cleanup_expired_tokens' started
2026-04-12 19:35:18,759 INFO     Listening on 0.0.0.0:8000
2026-04-12 19:35:19,260 WARNING  Timeout waiting for lock on resource 'user:8821'
2026-04-12 19:35:19,760 ERROR    JWT verification failed: signature mismatch for user_id=8801
2026-04-12 19:35:20,260 WARNING  CPU usage spike to 91% on worker-3
2026-04-12 19:35:20,761 INFO     Startup complete, ready to serve traffic
2026-04-12 19:35:21,261 INFO     GET /api/users 200 OK (45ms)
2026-04-12 19:35:21,762 INFO     Starting application on port 8000
2026-04-12 19:35:22,263 WARNING  Response time degraded: GET /api/reports took 2300ms
2026-04-12 19:35:22,763 WARNING  Retrying database connection attempt 1 of 5
2026-04-12 19:35:23,264 WARNING  Timeout waiting for lock on resource 'user:8821'
2026-04-12 19:35:23,764 ERROR    HTTP 500 Internal Server Error on POST /api/checkout
2026-04-12 19:35:24,265 INFO     Redis cache initialized successfully
2026-04-12 19:35:24,765 INFO     Request tracing enabled, trace_id=7f3a9c21b4e0
2026-04-12 19:35:25,266 ERROR    psycopg2.OperationalError: could not connect to server
2026-04-12 19:35:25,766 ERROR    Payment service returned 503: Service Unavailable
2026-04-12 19:35:26,267 ERROR    Websocket write error for client ws-8821: broken pipe
2026-04-12 19:35:26,767 INFO     POST /api/orders 201 Created (112ms)
2026-04-12 19:35:27,268 WARNING  Memory usage at 78%, approaching threshold
2026-04-12 19:35:27,768 INFO     Auto-scaling: added 1 worker node, total=5
2026-04-12 19:35:28,268 CRITICAL Data loss detected: replication stream broken for 120s
2026-04-12 19:35:28,769 ERROR    Websocket write error for client ws-8821: broken pipe
2026-04-12 19:35:29,269 WARNING  Feature flag service unreachable, falling back to defaults
2026-04-12 19:35:29,770 WARNING  TLS certificate expires in 14 days, renewal required
2026-04-12 19:35:30,270 WARNING  Health check latency elevated: postgres responded in 850ms
2026-04-12 19:35:30,770 WARNING  Slow query detected: SELECT * FROM events took 4100ms
2026-04-12 19:35:31,270 WARNING  CPU usage spike to 91% on worker-3
2026-04-12 19:35:31,771 WARNING  DNS resolution for cache.internal took 900ms
2026-04-12 19:35:32,271 CRITICAL OOMKilled: process exceeded memory limit of 512MB
2026-04-12 19:35:32,771 INFO     Scheduled job 'cleanup_expired_tokens' started
2026-04-12 19:35:33,272 INFO     Auto-scaling: added 1 worker node, total=5
2026-04-12 19:35:33,772 INFO     Connected to PostgreSQL at postgres:5432
2026-04-12 19:35:34,272 INFO     PUT /api/users/42 200 OK (67ms)
2026-04-12 19:35:34,773 ERROR    psycopg2.OperationalError: could not connect to server
2026-04-12 19:35:35,273 CRITICAL Kernel OOM killer terminated PID 8821 (app-worker)
2026-04-12 19:35:35,773 INFO     Feature flag 'new_checkout_flow' enabled for 10% of traffic
2026-04-12 19:35:36,273 INFO     GET /api/products 200 OK (23ms)
2026-04-12 19:35:36,774 INFO     Starting application on port 8000
2026-04-12 19:35:37,274 WARNING  S3 upload retrying due to transient error (attempt 2/3)
2026-04-12 19:35:37,774 INFO     TLS certificate valid, expires in 87 days
2026-04-12 19:35:38,275 INFO     Replica lag is 0ms, replication healthy
2026-04-12 19:35:38,775 WARNING  Replica lag increased to 250ms, monitoring
2026-04-12 19:35:39,275 INFO     Dependency check passed: postgres=14.5, redis=7.0.5
2026-04-12 19:35:39,776 INFO     Audit log written: admin user_id=1 deleted user_id=304
2026-04-12 19:35:40,276 INFO     Database connection pool size: 10/20
2026-04-12 19:35:40,776 ERROR    Failed to parse request body: invalid JSON
2026-04-12 19:35:41,276 INFO     Worker pool started with 4 threads
2026-04-12 19:35:41,777 ERROR    Elasticsearch index 'logs-2026' is read-only: disk watermark exceeded
2026-04-12 19:35:42,277 ERROR    Circuit breaker for payment-service OPENED after 5 consecutive failures
2026-04-12 19:35:42,777 ERROR    HTTP 500 Internal Server Error on POST /api/checkout
2026-04-12 19:35:43,277 INFO     PUT /api/users/42 200 OK (67ms)
2026-04-12 19:35:43,778 WARNING  JWT token expiring soon for user_id=204, issuing refresh
2026-04-12 19:35:44,278 INFO     Metrics exported to Prometheus endpoint /metrics
2026-04-12 19:35:44,778 WARNING  Kafka consumer lag growing: topic=order-events lag=1500
2026-04-12 19:35:45,278 WARNING  Deprecated API endpoint /v1/users called by client 10.0.0.5
2026-04-12 19:35:45,779 WARNING  Feature flag service unreachable, falling back to defaults
2026-04-12 19:35:46,279 WARNING  Graceful shutdown timeout exceeded, forcing exit
2026-04-12 19:35:46,780 INFO     GET /api/users 200 OK (45ms)
2026-04-12 19:35:47,280 INFO     Startup complete, ready to serve traffic
2026-04-12 19:35:47,780 INFO     PUT /api/users/42 200 OK (67ms)
2026-04-12 19:35:48,281 WARNING  Replica lag increased to 250ms, monitoring
2026-04-12 19:35:48,781 WARNING  JWT token expiring soon for user_id=204, issuing refresh
2026-04-12 19:35:49,281 INFO     Session created for user_id=10482, ttl=3600s
2026-04-12 19:35:49,781 INFO     Batch job processed 1200 records in 4.2s
2026-04-12 19:35:50,282 ERROR    S3 upload failed after 3 retries: AccessDenied
2026-04-12 19:35:50,782 INFO     Scheduled job 'cleanup_expired_tokens' completed in 340ms
2026-04-12 19:35:51,282 WARNING  Connection pool saturation: 19/20 connections in use
