2024-03-15 10:00:01,123 INFO     Starting application on port 8000
2024-03-15 10:00:02,456 INFO     Connected to PostgreSQL at postgres:5432
2024-03-15 10:00:03,789 INFO     Redis cache initialized
2024-03-15 10:01:00,001 INFO     GET /api/users 200 OK (45ms)
2024-03-15 10:01:05,002 WARNING  Retrying database connection attempt 1
2024-03-15 10:01:06,003 WARNING  Retrying database connection attempt 2
2024-03-15 10:01:07,004 ERROR    Connection refused to postgres:5432
2024-03-15 10:01:07,100 ERROR    Traceback (most recent call last):
2024-03-15 10:01:07,101 ERROR      File "db.py", line 42, in connect
2024-03-15 10:01:07,102 ERROR    psycopg2.OperationalError: could not connect to server
2024-03-15 10:01:08,200 ERROR    Connection refused to postgres:5432
2024-03-15 10:01:09,300 ERROR    Connection refused to postgres:5432
2024-03-15 10:01:10,400 ERROR    Connection refused to postgres:5432
2024-03-15 10:01:11,500 ERROR    Connection refused to postgres:5432
2024-03-15 10:01:12,000 CRITICAL FATAL: max connection retries exhausted, shutting down
2026-04-12 10:01:02 CRITICAL FATAL: max retries exhausted
2026-04-12 10:01:00 ERROR Connection refused to postgres:5432
2026-04-12 11:57:46,093 WARNING  TLS certificate expires in 14 days, renewal required
2026-04-12 11:57:46,344 INFO     Startup complete, ready to serve traffic
2026-04-12 11:57:46,594 WARNING  Timeout waiting for lock on resource 'user:8821'
2026-04-12 11:57:46,845 INFO     gRPC server started on port 50051
2026-04-12 11:57:47,095 INFO     Rate limiter reset for IP 203.0.113.42
2026-04-12 11:57:47,346 WARNING  Redis cache miss rate exceeded 30% in last 60s
2026-04-12 11:57:47,597 INFO     Scheduled job 'cleanup_expired_tokens' started
2026-04-12 11:57:47,848 CRITICAL segfault at address 0x00000000, core dumped
2026-04-12 11:57:48,099 WARNING  Disk usage at 82% on /var/data, consider cleanup
2026-04-12 11:57:48,351 WARNING  Slow query detected: SELECT * FROM events took 4100ms
2026-04-12 11:57:48,602 ERROR    Unhandled exception in worker thread: ZeroDivisionError
2026-04-12 11:57:48,852 INFO     PUT /api/users/42 200 OK (67ms)
something bad is happening
something good is happening
db query is slow
something bad is happening
db query is slow
something good is happening
2026-04-12 18:38:23,440 INFO     Database connection pool size: 10/20
2026-04-12 18:38:23,774 WARNING  Response time degraded: GET /api/reports took 2300ms
2026-04-12 18:38:24,108 INFO     Graceful shutdown initiated, draining connections
2026-04-12 18:38:24,441 INFO     Connected to PostgreSQL at postgres:5432
2026-04-12 18:38:24,775 ERROR    Elasticsearch index 'logs-2026' is read-only: disk watermark exceeded
2026-04-12 18:38:25,108 ERROR    Database transaction rolled back: deadlock detected
2026-04-12 18:38:25,442 ERROR    Failed to publish event to Kafka: topic=order-events
2026-04-12 18:38:25,776 WARNING  Feature flag service unreachable, falling back to defaults
2026-04-12 18:38:26,109 ERROR    Database transaction rolled back: deadlock detected
2026-04-12 18:38:26,443 INFO     Worker pool started with 4 threads
2026-04-12 18:38:26,777 CRITICAL Kernel OOM killer terminated PID 8821 (app-worker)
2026-04-12 18:38:27,111 INFO     DELETE /api/sessions/8821 200 OK (18ms)
2026-04-12 18:38:27,444 INFO     PUT /api/users/42 200 OK (67ms)
2026-04-12 18:38:27,778 INFO     Cache hit ratio: 87.4% over last 60s
2026-04-12 18:38:28,112 INFO     Scheduled job 'cleanup_expired_tokens' completed in 340ms
2026-04-12 18:38:28,445 INFO     Scheduled job 'cleanup_expired_tokens' started
2026-04-12 18:38:28,779 WARNING  CPU usage spike to 91% on worker-3
2026-04-12 18:38:29,113 WARNING  Slow query detected: SELECT * FROM events took 4100ms
2026-04-12 18:38:29,446 ERROR    JWT verification failed: signature mismatch for user_id=8801
2026-04-12 18:38:29,780 INFO     Replica lag is 0ms, replication healthy
2026-04-12 18:38:30,114 INFO     S3 upload completed: reports/2026-04-12.csv (2.3MB)
2026-04-12 18:38:30,447 WARNING  Websocket client ws-4421 disconnected unexpectedly
2026-04-12 18:38:30,781 WARNING  Feature flag service unreachable, falling back to defaults
2026-04-12 18:38:31,115 INFO     Request tracing enabled, trace_id=7f3a9c21b4e0
2026-04-12 18:38:31,448 ERROR    Payment service returned 503: Service Unavailable
2026-04-12 18:38:31,782 INFO     OAuth token refreshed for service account svc-worker
2026-04-12 18:38:32,116 INFO     Replica lag is 0ms, replication healthy
2026-04-12 18:38:32,449 WARNING  Graceful shutdown timeout exceeded, forcing exit
2026-04-12 18:38:32,783 ERROR    Elasticsearch index 'logs-2026' is read-only: disk watermark exceeded
2026-04-12 18:38:33,117 ERROR    Failed to publish event to Kafka: topic=order-events
2026-04-12 18:38:33,450 CRITICAL FATAL: WAL log corrupted, database cannot start
2026-04-12 18:38:33,784 INFO     Log rotation completed, archived to /var/log/app/2026-04-11.gz
2026-04-12 18:38:34,118 WARNING  DNS resolution for cache.internal took 900ms
2026-04-12 18:38:34,451 INFO     Starting application on port 8000
2026-04-12 18:38:34,785 ERROR    Websocket write error for client ws-8821: broken pipe
2026-04-12 18:38:35,119 ERROR    psycopg2.OperationalError: could not connect to server
2026-04-12 18:38:35,452 ERROR    Elasticsearch index 'logs-2026' is read-only: disk watermark exceeded
2026-04-12 18:38:35,786 INFO     Health check passed: all systems nominal
2026-04-12 18:38:36,120 CRITICAL Kernel OOM killer terminated PID 8821 (app-worker)
2026-04-12 18:38:36,453 ERROR    Traceback (most recent call last): File 'db.py' line 42 in connect
2026-04-12 18:38:36,787 INFO     Connected to PostgreSQL at postgres:5432
2026-04-12 18:38:37,121 CRITICAL OOMKilled: process exceeded memory limit of 512MB
2026-04-12 18:38:37,454 WARNING  Kafka consumer lag growing: topic=order-events lag=1500
2026-04-12 18:38:37,788 WARNING  Retry attempt 2 for HTTP POST to payment-service
2026-04-12 18:38:38,121 WARNING  Rate limit approaching for IP 198.51.100.7: 95/100 requests
2026-04-12 18:38:38,455 WARNING  Slow query detected: SELECT * FROM events took 4100ms
2026-04-12 18:38:38,789 CRITICAL FATAL: max connection retries exhausted, shutting down
2026-04-12 18:38:39,122 WARNING  Auto-vacuum running on table 'orders', may cause slowdown
2026-04-12 18:38:39,456 INFO     Worker pool started with 4 threads
2026-04-12 18:38:39,789 INFO     Scheduled job 'cleanup_expired_tokens' started
2026-04-12 18:38:40,123 INFO     Session created for user_id=10482, ttl=3600s
2026-04-12 18:38:40,457 INFO     Batch job processed 1200 records in 4.2s
2026-04-12 18:38:40,790 WARNING  Circuit breaker for inventory-service is HALF-OPEN
2026-04-12 18:38:41,124 INFO     Startup complete, ready to serve traffic
2026-04-12 18:38:41,458 CRITICAL OOMKilled: process exceeded memory limit of 512MB
2026-04-12 18:38:41,791 WARNING  Retry attempt 2 for HTTP POST to payment-service
2026-04-12 18:38:42,125 INFO     Config reloaded from /etc/app/config.yaml
2026-04-12 18:38:42,459 ERROR    Failed to publish event to Kafka: topic=order-events
2026-04-12 18:38:42,792 INFO     Feature flag 'new_checkout_flow' enabled for 10% of traffic
2026-04-12 18:38:43,126 ERROR    JWT verification failed: signature mismatch for user_id=8801
2026-04-12 18:38:43,460 INFO     PUT /api/users/42 200 OK (67ms)
2026-04-12 18:38:43,793 WARNING  Graceful shutdown timeout exceeded, forcing exit
2026-04-12 18:38:44,127 CRITICAL PANIC: nil pointer dereference in handler.go:84
2026-04-12 18:38:44,461 WARNING  S3 upload retrying due to transient error (attempt 2/3)
2026-04-12 18:38:44,794 CRITICAL FATAL: SSL certificate validation failed, refusing to start
2026-04-12 18:38:45,128 INFO     Starting application on port 8000
2026-04-12 18:38:45,462 INFO     Health check passed: all systems nominal
2026-04-12 18:38:45,795 CRITICAL FATAL: etcd cluster quorum lost, all writes rejected
2026-04-12 18:38:46,129 WARNING  Redis cache miss rate exceeded 30% in last 60s
2026-04-12 18:38:46,462 WARNING  Graceful shutdown timeout exceeded, forcing exit
2026-04-12 18:38:46,796 WARNING  Timeout waiting for lock on resource 'user:8821'
2026-04-12 18:38:47,130 CRITICAL FATAL: SSL certificate validation failed, refusing to start
2026-04-12 18:38:47,463 WARNING  Websocket client ws-4421 disconnected unexpectedly
2026-04-12 18:38:47,797 WARNING  JWT token expiring soon for user_id=204, issuing refresh
2026-04-12 18:38:48,131 ERROR    Failed to publish event to Kafka: topic=order-events
2026-04-12 18:38:48,464 WARNING  JWT token expiring soon for user_id=204, issuing refresh
2026-04-12 18:38:48,798 INFO     GET /api/users 200 OK (45ms)
2026-04-12 18:38:49,131 INFO     Replica lag is 0ms, replication healthy
2026-04-12 18:38:49,465 WARNING  TLS certificate expires in 14 days, renewal required
2026-04-12 18:38:49,799 INFO     Metrics exported to Prometheus endpoint /metrics
2026-04-12 18:38:50,132 INFO     Rate limiter reset for IP 203.0.113.42
2026-04-12 18:38:50,466 INFO     Starting application on port 8000
2026-04-12 18:38:50,800 WARNING  Retrying database connection attempt 2 of 5
2026-04-12 18:38:51,133 ERROR    Circuit breaker for payment-service OPENED after 5 consecutive failures
2026-04-12 18:38:51,467 ERROR    Circuit breaker for payment-service OPENED after 5 consecutive failures
2026-04-12 18:38:51,801 WARNING  Replica lag increased to 250ms, monitoring
2026-04-12 18:38:52,134 WARNING  Config value 'MAX_UPLOAD_SIZE' not set, using default 10MB
2026-04-12 18:38:52,468 INFO     Log rotation completed, archived to /var/log/app/2026-04-11.gz
2026-04-12 18:38:52,802 INFO     PUT /api/users/42 200 OK (67ms)
2026-04-12 18:38:53,135 INFO     Connected to PostgreSQL at postgres:5432
